Start testing: Oct 28 18:39 CET
----------------------------------------------------------
1/5 Testing: conversion_test
1/5 Test: conversion_test
Command: "/home/citrullin/git/iota_riot_example/iota/tests/conversion_test"
Directory: /home/citrullin/git/iota_riot_example/iota/tests
"conversion_test" start time: Oct 28 18:39 CET
Output:
----------------------------------------------------------
[==========] Running 10 test(s).
[ RUN      ] test_increment_trit_82
[       OK ] test_increment_trit_82
[ RUN      ] test_increment_trit_no_overflow
[       OK ] test_increment_trit_no_overflow
[ RUN      ] test_int64_to_trits_zero
[       OK ] test_int64_to_trits_zero
[ RUN      ] test_int64_to_trits_one
[       OK ] test_int64_to_trits_one
[ RUN      ] test_int64_to_trits_neg_one
[       OK ] test_int64_to_trits_neg_one
[ RUN      ] test_int64_to_trits_overflow
[       OK ] test_int64_to_trits_overflow
[ RUN      ] test_all_zero
[       OK ] test_all_zero
[ RUN      ] test_all_neg_one
[       OK ] test_all_neg_one
[ RUN      ] test_random_bytes_via_chars
[       OK ] test_random_bytes_via_chars
[ RUN      ] test_random_chars_via_bytes
[       OK ] test_random_chars_via_bytes
[==========] 10 test(s) run.
[  PASSED  ] 10 test(s).
<end of output>
Test time =   1.68 sec
----------------------------------------------------------
Test Passed.
"conversion_test" end time: Oct 28 18:39 CET
"conversion_test" time elapsed: 00:00:01
----------------------------------------------------------

2/5 Testing: kerl_test
2/5 Test: kerl_test
Command: "/home/citrullin/git/iota_riot_example/iota/tests/kerl_test"
Directory: /home/citrullin/git/iota_riot_example/iota/tests
"kerl_test" start time: Oct 28 18:39 CET
Output:
----------------------------------------------------------
[==========] Running 9 test(s).
[ RUN      ] test_peter_seed
[       OK ] test_peter_seed
[ RUN      ] test_243_neg_one
[       OK ] test_243_neg_one
[ RUN      ] test_242_neg_one
[       OK ] test_242_neg_one
[ RUN      ] test_input_with_243trits
[       OK ] test_input_with_243trits
[ RUN      ] test_output_with_more_than_243trits
[       OK ] test_output_with_more_than_243trits
[ RUN      ] test_input_output_with_more_than_243trits
[       OK ] test_input_output_with_more_than_243trits
[ RUN      ] test_generate_trytes_and_hashes
ERROR: Could not open file.
[  ERROR   ] --- [   LINE   ] --- /home/citrullin/git/iota_riot_example/iota/tests/hash_file.c:32: error: Failure!
[  FAILED  ] test_generate_trytes_and_hashes
[ RUN      ] test_generate_multi_trytes_and_hash
ERROR: Could not open file.
[  ERROR   ] --- [   LINE   ] --- /home/citrullin/git/iota_riot_example/iota/tests/hash_file.c:32: error: Failure!
[  FAILED  ] test_generate_multi_trytes_and_hash
[ RUN      ] test_generate_trytes_and_multi_squeeze
ERROR: Could not open file.
[  ERROR   ] --- [   LINE   ] --- /home/citrullin/git/iota_riot_example/iota/tests/hash_file.c:32: error: Failure!
[  FAILED  ] test_generate_trytes_and_multi_squeeze
[==========] 9 test(s) run.
[  PASSED  ] 6 test(s).
[  FAILED  ] 3 test(s), listed below:
[  FAILED  ] test_generate_trytes_and_hashes
[  FAILED  ] test_generate_multi_trytes_and_hash
[  FAILED  ] test_generate_trytes_and_multi_squeeze

 3 FAILED TEST(S)
<end of output>
Test time =   0.00 sec
----------------------------------------------------------
Test Failed.
"kerl_test" end time: Oct 28 18:39 CET
"kerl_test" time elapsed: 00:00:00
----------------------------------------------------------

3/5 Testing: address_test
3/5 Test: address_test
Command: "/home/citrullin/git/iota_riot_example/iota/tests/address_test"
Directory: /home/citrullin/git/iota_riot_example/iota/tests
"address_test" start time: Oct 28 18:39 CET
Output:
----------------------------------------------------------
[==========] Running 31 test(s).
[ RUN      ] test_security_level_one
[       OK ] test_security_level_one
[ RUN      ] test_security_level_one
[       OK ] test_security_level_one
[ RUN      ] test_security_level_one
[       OK ] test_security_level_one
[ RUN      ] test_security_level_one
[       OK ] test_security_level_one
[ RUN      ] test_security_level_one
[       OK ] test_security_level_one
[ RUN      ] test_security_level_two
[       OK ] test_security_level_two
[ RUN      ] test_security_level_two
[       OK ] test_security_level_two
[ RUN      ] test_security_level_two
[       OK ] test_security_level_two
[ RUN      ] test_security_level_two
[       OK ] test_security_level_two
[ RUN      ] test_security_level_two
[       OK ] test_security_level_two
[ RUN      ] test_security_level_three
[       OK ] test_security_level_three
[ RUN      ] test_security_level_three
[       OK ] test_security_level_three
[ RUN      ] test_security_level_three
[       OK ] test_security_level_three
[ RUN      ] test_security_level_three
[       OK ] test_security_level_three
[ RUN      ] test_security_level_three
[       OK ] test_security_level_three
[ RUN      ] test_overflow_seed_level_one
[       OK ] test_overflow_seed_level_one
[ RUN      ] test_overflow_seed_level_one
[       OK ] test_overflow_seed_level_one
[ RUN      ] test_overflow_seed_level_one
[       OK ] test_overflow_seed_level_one
[ RUN      ] test_overflow_seed_level_one
[       OK ] test_overflow_seed_level_one
[ RUN      ] test_overflow_seed_level_one
[       OK ] test_overflow_seed_level_one
[ RUN      ] test_overflow_seed_level_two
[       OK ] test_overflow_seed_level_two
[ RUN      ] test_overflow_seed_level_two
[       OK ] test_overflow_seed_level_two
[ RUN      ] test_overflow_seed_level_two
[       OK ] test_overflow_seed_level_two
[ RUN      ] test_overflow_seed_level_two
[       OK ] test_overflow_seed_level_two
[ RUN      ] test_overflow_seed_level_two
[       OK ] test_overflow_seed_level_two
[ RUN      ] test_overflow_seed_level_three
[       OK ] test_overflow_seed_level_three
[ RUN      ] test_overflow_seed_level_three
[       OK ] test_overflow_seed_level_three
[ RUN      ] test_overflow_seed_level_three
[       OK ] test_overflow_seed_level_three
[ RUN      ] test_overflow_seed_level_three
[       OK ] test_overflow_seed_level_three
[ RUN      ] test_overflow_seed_level_three
[       OK ] test_overflow_seed_level_three
[ RUN      ] test_n_addresses_for_seed
ERROR: Could not open file.
[  ERROR   ] --- [   LINE   ] --- /home/citrullin/git/iota_riot_example/iota/tests/hash_file.c:32: error: Failure!
[  FAILED  ] test_n_addresses_for_seed
[==========] 31 test(s) run.
[  PASSED  ] 30 test(s).
[  FAILED  ] 1 test(s), listed below:
[  FAILED  ] test_n_addresses_for_seed

 1 FAILED TEST(S)
<end of output>
Test time =   0.28 sec
----------------------------------------------------------
Test Failed.
"address_test" end time: Oct 28 18:39 CET
"address_test" time elapsed: 00:00:00
----------------------------------------------------------

4/5 Testing: bundle_test
4/5 Test: bundle_test
Command: "/home/citrullin/git/iota_riot_example/iota/tests/bundle_test"
Directory: /home/citrullin/git/iota_riot_example/iota/tests
"bundle_test" start time: Oct 28 18:39 CET
Output:
----------------------------------------------------------
[==========] Running 10 test(s).
[ RUN      ] test_increment_tag
[       OK ] test_increment_tag
[ RUN      ] test_normalize_hash
[       OK ] test_normalize_hash
[ RUN      ] test_normalize_hash_zero
[       OK ] test_normalize_hash_zero
[ RUN      ] test_normalize_hash_one
[       OK ] test_normalize_hash_one
[ RUN      ] test_normalize_hash_neg_one
[       OK ] test_normalize_hash_neg_one
[ RUN      ] test_empty_bundle
EXCEPTION: INVALID_PARAMETER
<end of output>
Test time =   1.30 sec
----------------------------------------------------------
Test Failed.
"bundle_test" end time: Oct 28 18:39 CET
"bundle_test" time elapsed: 00:00:01
----------------------------------------------------------

5/5 Testing: signing_test
5/5 Test: signing_test
Command: "/home/citrullin/git/iota_riot_example/iota/tests/signing_test"
Directory: /home/citrullin/git/iota_riot_example/iota/tests
"signing_test" start time: Oct 28 18:39 CET
Output:
----------------------------------------------------------
[==========] Running 3 test(s).
[ RUN      ] test_signature_level_one
[       OK ] test_signature_level_one
[ RUN      ] test_signature_level_two
EXCEPTION: INVALID_STATE
<end of output>
Test time =   0.18 sec
----------------------------------------------------------
Test Failed.
"signing_test" end time: Oct 28 18:39 CET
"signing_test" time elapsed: 00:00:00
----------------------------------------------------------

End testing: Oct 28 18:39 CET
